2013/05/31 13:28:44 [error] [exception.CHttpException.404] exception 'CHttpException' with message 'Невозможно обработать запрос "assets/lib/bootstrap/less/mixins.less".' in C:\wamp\www\bilru\framework\web\CWebApplication.php:286
Stack trace:
#0 C:\wamp\www\bilru\framework\web\CWebApplication.php(141): CWebApplication->runController('assets/lib/boot...')
#1 C:\wamp\www\bilru\framework\base\CApplication.php(169): CWebApplication->processRequest()
#2 C:\wamp\www\bilru\index.php(13): CApplication->run()
#3 {main}
REQUEST_URI=/bilru/assets/lib/bootstrap/less/mixins.less
HTTP_REFERER=http://localhost/bilru/objects/create
---
2013/05/31 13:29:06 [error] [exception.CHttpException.404] exception 'CHttpException' with message 'Невозможно обработать запрос "assets/lib/bootstrap/less/mixins.less".' in C:\wamp\www\bilru\framework\web\CWebApplication.php:286
Stack trace:
#0 C:\wamp\www\bilru\framework\web\CWebApplication.php(141): CWebApplication->runController('assets/lib/boot...')
#1 C:\wamp\www\bilru\framework\base\CApplication.php(169): CWebApplication->processRequest()
#2 C:\wamp\www\bilru\index.php(13): CApplication->run()
#3 {main}
REQUEST_URI=/bilru/assets/lib/bootstrap/less/mixins.less
HTTP_REFERER=http://localhost/bilru/objects/create
---
2013/05/31 13:29:08 [error] [php] require() [<a href='function.require'>function.require</a>]: Filename cannot be empty (C:\wamp\www\bilru\framework\web\CBaseController.php:130)
Stack trace:
#0 C:\wamp\www\bilru\framework\zii\widgets\CListView.php(281): ObjectsController->renderFile()
#1 C:\wamp\www\bilru\framework\zii\widgets\CBaseListView.php(160): TbListView->renderItems()
#2 unknown(0): TbListView->renderSection()
#3 C:\wamp\www\bilru\framework\zii\widgets\CBaseListView.php(143): preg_replace_callback()
#4 C:\wamp\www\bilru\framework\zii\widgets\CBaseListView.php(128): TbListView->renderContent()
#5 C:\wamp\www\bilru\framework\web\CBaseController.php(173): TbListView->run()
#6 C:\wamp\www\bilru\protected\views\objects\index.php(10): ObjectsController->widget()
#7 C:\wamp\www\bilru\framework\web\CBaseController.php(126): require()
#8 C:\wamp\www\bilru\framework\web\CBaseController.php(95): ObjectsController->renderInternal()
#9 C:\wamp\www\bilru\framework\web\CController.php(869): ObjectsController->renderFile()
#10 C:\wamp\www\bilru\framework\web\CController.php(782): ObjectsController->renderPartial()
#11 C:\wamp\www\bilru\protected\components\Controller.php(26): ObjectsController->render()
#12 C:\wamp\www\bilru\protected\controllers\ObjectsController.php(134): ObjectsController->render()
#13 C:\wamp\www\bilru\framework\web\actions\CInlineAction.php(49): ObjectsController->actionIndex()
#14 C:\wamp\www\bilru\framework\web\CController.php(308): CInlineAction->runWithParams()
#15 C:\wamp\www\bilru\framework\web\filters\CFilterChain.php(133): ObjectsController->runAction()
#16 C:\wamp\www\bilru\framework\web\filters\CFilter.php(40): CFilterChain->run()
#17 C:\wamp\www\bilru\framework\web\CController.php(1145): CAccessControlFilter->filter()
#18 C:\wamp\www\bilru\framework\web\filters\CInlineFilter.php(58): ObjectsController->filterAccessControl()
#19 C:\wamp\www\bilru\framework\web\filters\CFilterChain.php(130): CInlineFilter->filter()
#20 C:\wamp\www\bilru\framework\web\CController.php(291): CFilterChain->run()
#21 C:\wamp\www\bilru\framework\web\CController.php(265): ObjectsController->runActionWithFilters()
#22 C:\wamp\www\bilru\framework\web\CWebApplication.php(282): ObjectsController->run()
#23 C:\wamp\www\bilru\framework\web\CWebApplication.php(141): CWebApplication->runController()
#24 C:\wamp\www\bilru\framework\base\CApplication.php(169): CWebApplication->processRequest()
#25 C:\wamp\www\bilru\index.php(13): CWebApplication->run()
REQUEST_URI=/bilru/objects/index
in C:\wamp\www\bilru\protected\views\objects\index.php (10)
in C:\wamp\www\bilru\protected\components\Controller.php (26)
in C:\wamp\www\bilru\protected\controllers\ObjectsController.php (134)
2013/05/31 13:29:49 [error] [php] require() [<a href='function.require'>function.require</a>]: Filename cannot be empty (C:\wamp\www\bilru\framework\web\CBaseController.php:130)
Stack trace:
#0 C:\wamp\www\bilru\framework\zii\widgets\CListView.php(281): ObjectsController->renderFile()
#1 C:\wamp\www\bilru\framework\zii\widgets\CBaseListView.php(160): TbListView->renderItems()
#2 unknown(0): TbListView->renderSection()
#3 C:\wamp\www\bilru\framework\zii\widgets\CBaseListView.php(143): preg_replace_callback()
#4 C:\wamp\www\bilru\framework\zii\widgets\CBaseListView.php(128): TbListView->renderContent()
#5 C:\wamp\www\bilru\framework\web\CBaseController.php(173): TbListView->run()
#6 C:\wamp\www\bilru\protected\views\objects\index.php(10): ObjectsController->widget()
#7 C:\wamp\www\bilru\framework\web\CBaseController.php(126): require()
#8 C:\wamp\www\bilru\framework\web\CBaseController.php(95): ObjectsController->renderInternal()
#9 C:\wamp\www\bilru\framework\web\CController.php(869): ObjectsController->renderFile()
#10 C:\wamp\www\bilru\framework\web\CController.php(782): ObjectsController->renderPartial()
#11 C:\wamp\www\bilru\protected\components\Controller.php(26): ObjectsController->render()
#12 C:\wamp\www\bilru\protected\controllers\ObjectsController.php(134): ObjectsController->render()
#13 C:\wamp\www\bilru\framework\web\actions\CInlineAction.php(49): ObjectsController->actionIndex()
#14 C:\wamp\www\bilru\framework\web\CController.php(308): CInlineAction->runWithParams()
#15 C:\wamp\www\bilru\framework\web\filters\CFilterChain.php(133): ObjectsController->runAction()
#16 C:\wamp\www\bilru\framework\web\filters\CFilter.php(40): CFilterChain->run()
#17 C:\wamp\www\bilru\framework\web\CController.php(1145): CAccessControlFilter->filter()
#18 C:\wamp\www\bilru\framework\web\filters\CInlineFilter.php(58): ObjectsController->filterAccessControl()
#19 C:\wamp\www\bilru\framework\web\filters\CFilterChain.php(130): CInlineFilter->filter()
#20 C:\wamp\www\bilru\framework\web\CController.php(291): CFilterChain->run()
#21 C:\wamp\www\bilru\framework\web\CController.php(265): ObjectsController->runActionWithFilters()
#22 C:\wamp\www\bilru\framework\web\CWebApplication.php(282): ObjectsController->run()
#23 C:\wamp\www\bilru\framework\web\CWebApplication.php(141): CWebApplication->runController()
#24 C:\wamp\www\bilru\framework\base\CApplication.php(169): CWebApplication->processRequest()
#25 C:\wamp\www\bilru\index.php(13): CWebApplication->run()
REQUEST_URI=/bilru/objects/index
in C:\wamp\www\bilru\protected\views\objects\index.php (10)
in C:\wamp\www\bilru\protected\components\Controller.php (26)
in C:\wamp\www\bilru\protected\controllers\ObjectsController.php (134)
2013/05/31 13:30:18 [error] [exception.CHttpException.400] exception 'CHttpException' with message 'Некорректный запрос.' in C:\wamp\www\bilru\framework\web\CController.php:336
Stack trace:
#0 C:\wamp\www\bilru\framework\web\CController.php(309): CController->invalidActionParams(Object(CInlineAction))
#1 C:\wamp\www\bilru\framework\web\filters\CFilterChain.php(133): CController->runAction(Object(CInlineAction))
#2 C:\wamp\www\bilru\framework\web\filters\CFilter.php(40): CFilterChain->run()
#3 C:\wamp\www\bilru\framework\web\CController.php(1145): CFilter->filter(Object(CFilterChain))
#4 C:\wamp\www\bilru\framework\web\filters\CInlineFilter.php(58): CController->filterAccessControl(Object(CFilterChain))
#5 C:\wamp\www\bilru\framework\web\filters\CFilterChain.php(130): CInlineFilter->filter(Object(CFilterChain))
#6 C:\wamp\www\bilru\framework\web\CController.php(291): CFilterChain->run()
#7 C:\wamp\www\bilru\framework\web\CController.php(265): CController->runActionWithFilters(Object(CInlineAction), Array)
#8 C:\wamp\www\bilru\framework\web\CWebApplication.php(282): CController->run('view')
#9 C:\wamp\www\bilru\framework\web\CWebApplication.php(141): CWebApplication->runController('objects/view')
#10 C:\wamp\www\bilru\framework\base\CApplication.php(169): CWebApplication->processRequest()
#11 C:\wamp\www\bilru\index.php(13): CApplication->run()
#12 {main}
REQUEST_URI=/bilru/objects/view
---
2013/05/31 13:30:19 [error] [exception.CHttpException.404] exception 'CHttpException' with message 'Невозможно обработать запрос "assets/lib/bootstrap/less/mixins.less".' in C:\wamp\www\bilru\framework\web\CWebApplication.php:286
Stack trace:
#0 C:\wamp\www\bilru\framework\web\CWebApplication.php(141): CWebApplication->runController('assets/lib/boot...')
#1 C:\wamp\www\bilru\framework\base\CApplication.php(169): CWebApplication->processRequest()
#2 C:\wamp\www\bilru\index.php(13): CApplication->run()
#3 {main}
REQUEST_URI=/bilru/assets/lib/bootstrap/less/mixins.less
HTTP_REFERER=http://localhost/bilru/objects/view
---
2013/05/31 13:30:29 [error] [exception.CHttpException.404] exception 'CHttpException' with message 'Невозможно обработать запрос "assets/lib/bootstrap/less/mixins.less".' in C:\wamp\www\bilru\framework\web\CWebApplication.php:286
Stack trace:
#0 C:\wamp\www\bilru\framework\web\CWebApplication.php(141): CWebApplication->runController('assets/lib/boot...')
#1 C:\wamp\www\bilru\framework\base\CApplication.php(169): CWebApplication->processRequest()
#2 C:\wamp\www\bilru\index.php(13): CApplication->run()
#3 {main}
REQUEST_URI=/bilru/assets/lib/bootstrap/less/mixins.less
HTTP_REFERER=http://localhost/bilru/objects/view/23
---
2013/05/31 13:31:09 [error] [exception.CHttpException.404] exception 'CHttpException' with message 'Невозможно обработать запрос "assets/lib/bootstrap/less/mixins.less".' in C:\wamp\www\bilru\framework\web\CWebApplication.php:286
Stack trace:
#0 C:\wamp\www\bilru\framework\web\CWebApplication.php(141): CWebApplication->runController('assets/lib/boot...')
#1 C:\wamp\www\bilru\framework\base\CApplication.php(169): CWebApplication->processRequest()
#2 C:\wamp\www\bilru\index.php(13): CApplication->run()
#3 {main}
REQUEST_URI=/bilru/assets/lib/bootstrap/less/mixins.less
HTTP_REFERER=http://localhost/bilru/objects/view/23
---
2013/05/31 13:31:30 [error] [php] require() [<a href='function.require'>function.require</a>]: Filename cannot be empty (C:\wamp\www\bilru\framework\web\CBaseController.php:130)
Stack trace:
#0 C:\wamp\www\bilru\framework\zii\widgets\CListView.php(281): ObjectsController->renderFile()
#1 C:\wamp\www\bilru\framework\zii\widgets\CBaseListView.php(160): TbListView->renderItems()
#2 unknown(0): TbListView->renderSection()
#3 C:\wamp\www\bilru\framework\zii\widgets\CBaseListView.php(143): preg_replace_callback()
#4 C:\wamp\www\bilru\framework\zii\widgets\CBaseListView.php(128): TbListView->renderContent()
#5 C:\wamp\www\bilru\framework\web\CBaseController.php(173): TbListView->run()
#6 C:\wamp\www\bilru\protected\views\objects\index.php(10): ObjectsController->widget()
#7 C:\wamp\www\bilru\framework\web\CBaseController.php(126): require()
#8 C:\wamp\www\bilru\framework\web\CBaseController.php(95): ObjectsController->renderInternal()
#9 C:\wamp\www\bilru\framework\web\CController.php(869): ObjectsController->renderFile()
#10 C:\wamp\www\bilru\framework\web\CController.php(782): ObjectsController->renderPartial()
#11 C:\wamp\www\bilru\protected\components\Controller.php(26): ObjectsController->render()
#12 C:\wamp\www\bilru\protected\controllers\ObjectsController.php(134): ObjectsController->render()
#13 C:\wamp\www\bilru\framework\web\actions\CInlineAction.php(49): ObjectsController->actionIndex()
#14 C:\wamp\www\bilru\framework\web\CController.php(308): CInlineAction->runWithParams()
#15 C:\wamp\www\bilru\framework\web\filters\CFilterChain.php(133): ObjectsController->runAction()
#16 C:\wamp\www\bilru\framework\web\filters\CFilter.php(40): CFilterChain->run()
#17 C:\wamp\www\bilru\framework\web\CController.php(1145): CAccessControlFilter->filter()
#18 C:\wamp\www\bilru\framework\web\filters\CInlineFilter.php(58): ObjectsController->filterAccessControl()
#19 C:\wamp\www\bilru\framework\web\filters\CFilterChain.php(130): CInlineFilter->filter()
#20 C:\wamp\www\bilru\framework\web\CController.php(291): CFilterChain->run()
#21 C:\wamp\www\bilru\framework\web\CController.php(265): ObjectsController->runActionWithFilters()
#22 C:\wamp\www\bilru\framework\web\CWebApplication.php(282): ObjectsController->run()
#23 C:\wamp\www\bilru\framework\web\CWebApplication.php(141): CWebApplication->runController()
#24 C:\wamp\www\bilru\framework\base\CApplication.php(169): CWebApplication->processRequest()
#25 C:\wamp\www\bilru\index.php(13): CWebApplication->run()
REQUEST_URI=/bilru/objects/index
in C:\wamp\www\bilru\protected\views\objects\index.php (10)
in C:\wamp\www\bilru\protected\components\Controller.php (26)
in C:\wamp\www\bilru\protected\controllers\ObjectsController.php (134)
2013/05/31 13:33:43 [error] [php] Invalid argument supplied for foreach() (C:\wamp\www\bilru\protected\helpers\GetName.php:105)
Stack trace:
#0 C:\wamp\www\bilru\framework\web\CBaseController.php(95): ObjectsController->renderInternal()
#1 C:\wamp\www\bilru\framework\zii\widgets\CListView.php(281): ObjectsController->renderFile()
#2 C:\wamp\www\bilru\framework\zii\widgets\CBaseListView.php(160): TbListView->renderItems()
#3 unknown(0): TbListView->renderSection()
#4 C:\wamp\www\bilru\framework\zii\widgets\CBaseListView.php(143): preg_replace_callback()
#5 C:\wamp\www\bilru\framework\zii\widgets\CBaseListView.php(128): TbListView->renderContent()
#6 C:\wamp\www\bilru\framework\web\CBaseController.php(173): TbListView->run()
#7 C:\wamp\www\bilru\protected\views\objects\index.php(19): ObjectsController->widget()
#8 C:\wamp\www\bilru\framework\web\CBaseController.php(126): require()
#9 C:\wamp\www\bilru\framework\web\CBaseController.php(95): ObjectsController->renderInternal()
#10 C:\wamp\www\bilru\framework\web\CController.php(869): ObjectsController->renderFile()
#11 C:\wamp\www\bilru\framework\web\CController.php(782): ObjectsController->renderPartial()
#12 C:\wamp\www\bilru\protected\components\Controller.php(26): ObjectsController->render()
#13 C:\wamp\www\bilru\protected\controllers\ObjectsController.php(134): ObjectsController->render()
#14 C:\wamp\www\bilru\framework\web\actions\CInlineAction.php(49): ObjectsController->actionIndex()
#15 C:\wamp\www\bilru\framework\web\CController.php(308): CInlineAction->runWithParams()
#16 C:\wamp\www\bilru\framework\web\filters\CFilterChain.php(133): ObjectsController->runAction()
#17 C:\wamp\www\bilru\framework\web\filters\CFilter.php(40): CFilterChain->run()
#18 C:\wamp\www\bilru\framework\web\CController.php(1145): CAccessControlFilter->filter()
#19 C:\wamp\www\bilru\framework\web\filters\CInlineFilter.php(58): ObjectsController->filterAccessControl()
#20 C:\wamp\www\bilru\framework\web\filters\CFilterChain.php(130): CInlineFilter->filter()
#21 C:\wamp\www\bilru\framework\web\CController.php(291): CFilterChain->run()
#22 C:\wamp\www\bilru\framework\web\CController.php(265): ObjectsController->runActionWithFilters()
#23 C:\wamp\www\bilru\framework\web\CWebApplication.php(282): ObjectsController->run()
#24 C:\wamp\www\bilru\framework\web\CWebApplication.php(141): CWebApplication->runController()
#25 C:\wamp\www\bilru\framework\base\CApplication.php(169): CWebApplication->processRequest()
#26 C:\wamp\www\bilru\index.php(13): CWebApplication->run()
REQUEST_URI=/bilru/objects/index
in C:\wamp\www\bilru\protected\helpers\GetName.php (105)
in C:\wamp\www\bilru\protected\views\objects\_view.php (37)
in C:\wamp\www\bilru\protected\views\objects\index.php (19)
2013/05/31 13:34:14 [error] [php] Invalid argument supplied for foreach() (C:\wamp\www\bilru\protected\helpers\GetName.php:105)
Stack trace:
#0 C:\wamp\www\bilru\framework\web\CBaseController.php(95): ObjectsController->renderInternal()
#1 C:\wamp\www\bilru\framework\zii\widgets\CListView.php(281): ObjectsController->renderFile()
#2 C:\wamp\www\bilru\framework\zii\widgets\CBaseListView.php(160): TbListView->renderItems()
#3 unknown(0): TbListView->renderSection()
#4 C:\wamp\www\bilru\framework\zii\widgets\CBaseListView.php(143): preg_replace_callback()
#5 C:\wamp\www\bilru\framework\zii\widgets\CBaseListView.php(128): TbListView->renderContent()
#6 C:\wamp\www\bilru\framework\web\CBaseController.php(173): TbListView->run()
#7 C:\wamp\www\bilru\protected\views\objects\index.php(19): ObjectsController->widget()
#8 C:\wamp\www\bilru\framework\web\CBaseController.php(126): require()
#9 C:\wamp\www\bilru\framework\web\CBaseController.php(95): ObjectsController->renderInternal()
#10 C:\wamp\www\bilru\framework\web\CController.php(869): ObjectsController->renderFile()
#11 C:\wamp\www\bilru\framework\web\CController.php(782): ObjectsController->renderPartial()
#12 C:\wamp\www\bilru\protected\components\Controller.php(26): ObjectsController->render()
#13 C:\wamp\www\bilru\protected\controllers\ObjectsController.php(134): ObjectsController->render()
#14 C:\wamp\www\bilru\framework\web\actions\CInlineAction.php(49): ObjectsController->actionIndex()
#15 C:\wamp\www\bilru\framework\web\CController.php(308): CInlineAction->runWithParams()
#16 C:\wamp\www\bilru\framework\web\filters\CFilterChain.php(133): ObjectsController->runAction()
#17 C:\wamp\www\bilru\framework\web\filters\CFilter.php(40): CFilterChain->run()
#18 C:\wamp\www\bilru\framework\web\CController.php(1145): CAccessControlFilter->filter()
#19 C:\wamp\www\bilru\framework\web\filters\CInlineFilter.php(58): ObjectsController->filterAccessControl()
#20 C:\wamp\www\bilru\framework\web\filters\CFilterChain.php(130): CInlineFilter->filter()
#21 C:\wamp\www\bilru\framework\web\CController.php(291): CFilterChain->run()
#22 C:\wamp\www\bilru\framework\web\CController.php(265): ObjectsController->runActionWithFilters()
#23 C:\wamp\www\bilru\framework\web\CWebApplication.php(282): ObjectsController->run()
#24 C:\wamp\www\bilru\framework\web\CWebApplication.php(141): CWebApplication->runController()
#25 C:\wamp\www\bilru\framework\base\CApplication.php(169): CWebApplication->processRequest()
#26 C:\wamp\www\bilru\index.php(13): CWebApplication->run()
REQUEST_URI=/bilru/objects/index
in C:\wamp\www\bilru\protected\helpers\GetName.php (105)
in C:\wamp\www\bilru\protected\views\objects\_view.php (37)
in C:\wamp\www\bilru\protected\views\objects\index.php (19)
2013/05/31 13:34:22 [error] [exception.CHttpException.404] exception 'CHttpException' with message 'Невозможно обработать запрос "assets/lib/bootstrap/less/mixins.less".' in C:\wamp\www\bilru\framework\web\CWebApplication.php:286
Stack trace:
#0 C:\wamp\www\bilru\framework\web\CWebApplication.php(141): CWebApplication->runController('assets/lib/boot...')
#1 C:\wamp\www\bilru\framework\base\CApplication.php(169): CWebApplication->processRequest()
#2 C:\wamp\www\bilru\index.php(13): CApplication->run()
#3 {main}
REQUEST_URI=/bilru/assets/lib/bootstrap/less/mixins.less
HTTP_REFERER=http://localhost/bilru/objects/index
---
2013/05/31 13:34:24 [error] [exception.CHttpException.404] exception 'CHttpException' with message 'Невозможно обработать запрос "assets/lib/bootstrap/less/mixins.less".' in C:\wamp\www\bilru\framework\web\CWebApplication.php:286
Stack trace:
#0 C:\wamp\www\bilru\framework\web\CWebApplication.php(141): CWebApplication->runController('assets/lib/boot...')
#1 C:\wamp\www\bilru\framework\base\CApplication.php(169): CWebApplication->processRequest()
#2 C:\wamp\www\bilru\index.php(13): CApplication->run()
#3 {main}
REQUEST_URI=/bilru/assets/lib/bootstrap/less/mixins.less
HTTP_REFERER=http://localhost/bilru/objects/create
---
2013/05/31 13:34:29 [error] [exception.CHttpException.404] exception 'CHttpException' with message 'Невозможно обработать запрос "assets/lib/bootstrap/less/mixins.less".' in C:\wamp\www\bilru\framework\web\CWebApplication.php:286
Stack trace:
#0 C:\wamp\www\bilru\framework\web\CWebApplication.php(141): CWebApplication->runController('assets/lib/boot...')
#1 C:\wamp\www\bilru\framework\base\CApplication.php(169): CWebApplication->processRequest()
#2 C:\wamp\www\bilru\index.php(13): CApplication->run()
#3 {main}
REQUEST_URI=/bilru/assets/lib/bootstrap/less/mixins.less
HTTP_REFERER=http://localhost/bilru/objects/index
---
2013/05/31 13:34:30 [error] [exception.CHttpException.404] exception 'CHttpException' with message 'Невозможно обработать запрос "assets/lib/bootstrap/less/mixins.less".' in C:\wamp\www\bilru\framework\web\CWebApplication.php:286
Stack trace:
#0 C:\wamp\www\bilru\framework\web\CWebApplication.php(141): CWebApplication->runController('assets/lib/boot...')
#1 C:\wamp\www\bilru\framework\base\CApplication.php(169): CWebApplication->processRequest()
#2 C:\wamp\www\bilru\index.php(13): CApplication->run()
#3 {main}
REQUEST_URI=/bilru/assets/lib/bootstrap/less/mixins.less
HTTP_REFERER=http://localhost/bilru/objects/create
---
2013/05/31 13:34:48 [error] [exception.CHttpException.404] exception 'CHttpException' with message 'Невозможно обработать запрос "assets/lib/bootstrap/less/mixins.less".' in C:\wamp\www\bilru\framework\web\CWebApplication.php:286
Stack trace:
#0 C:\wamp\www\bilru\framework\web\CWebApplication.php(141): CWebApplication->runController('assets/lib/boot...')
#1 C:\wamp\www\bilru\framework\base\CApplication.php(169): CWebApplication->processRequest()
#2 C:\wamp\www\bilru\index.php(13): CApplication->run()
#3 {main}
REQUEST_URI=/bilru/assets/lib/bootstrap/less/mixins.less
HTTP_REFERER=http://localhost/bilru/objects/create
---
2013/05/31 13:35:52 [error] [exception.CHttpException.404] exception 'CHttpException' with message 'Невозможно обработать запрос "assets/lib/bootstrap/less/mixins.less".' in C:\wamp\www\bilru\framework\web\CWebApplication.php:286
Stack trace:
#0 C:\wamp\www\bilru\framework\web\CWebApplication.php(141): CWebApplication->runController('assets/lib/boot...')
#1 C:\wamp\www\bilru\framework\base\CApplication.php(169): CWebApplication->processRequest()
#2 C:\wamp\www\bilru\index.php(13): CApplication->run()
#3 {main}
REQUEST_URI=/bilru/assets/lib/bootstrap/less/mixins.less
HTTP_REFERER=http://localhost/bilru/objects/create
---
2013/05/31 13:35:54 [error] [exception.CHttpException.404] exception 'CHttpException' with message 'Невозможно обработать запрос "assets/lib/bootstrap/less/mixins.less".' in C:\wamp\www\bilru\framework\web\CWebApplication.php:286
Stack trace:
#0 C:\wamp\www\bilru\framework\web\CWebApplication.php(141): CWebApplication->runController('assets/lib/boot...')
#1 C:\wamp\www\bilru\framework\base\CApplication.php(169): CWebApplication->processRequest()
#2 C:\wamp\www\bilru\index.php(13): CApplication->run()
#3 {main}
REQUEST_URI=/bilru/assets/lib/bootstrap/less/mixins.less
HTTP_REFERER=http://localhost/bilru/events/index
---
2013/05/31 13:35:56 [error] [exception.CHttpException.404] exception 'CHttpException' with message 'Невозможно обработать запрос "assets/lib/bootstrap/less/mixins.less".' in C:\wamp\www\bilru\framework\web\CWebApplication.php:286
Stack trace:
#0 C:\wamp\www\bilru\framework\web\CWebApplication.php(141): CWebApplication->runController('assets/lib/boot...')
#1 C:\wamp\www\bilru\framework\base\CApplication.php(169): CWebApplication->processRequest()
#2 C:\wamp\www\bilru\index.php(13): CApplication->run()
#3 {main}
REQUEST_URI=/bilru/assets/lib/bootstrap/less/mixins.less
HTTP_REFERER=http://localhost/bilru/orders/create
---
2013/05/31 13:35:59 [error] [exception.CHttpException.404] exception 'CHttpException' with message 'Невозможно обработать запрос "assets/lib/bootstrap/less/mixins.less".' in C:\wamp\www\bilru\framework\web\CWebApplication.php:286
Stack trace:
#0 C:\wamp\www\bilru\framework\web\CWebApplication.php(141): CWebApplication->runController('assets/lib/boot...')
#1 C:\wamp\www\bilru\framework\base\CApplication.php(169): CWebApplication->processRequest()
#2 C:\wamp\www\bilru\index.php(13): CApplication->run()
#3 {main}
REQUEST_URI=/bilru/assets/lib/bootstrap/less/mixins.less
HTTP_REFERER=http://localhost/bilru/objects/create
---
2013/05/31 13:36:58 [error] [exception.CHttpException.404] exception 'CHttpException' with message 'Невозможно обработать запрос "assets/lib/bootstrap/less/mixins.less".' in C:\wamp\www\bilru\framework\web\CWebApplication.php:286
Stack trace:
#0 C:\wamp\www\bilru\framework\web\CWebApplication.php(141): CWebApplication->runController('assets/lib/boot...')
#1 C:\wamp\www\bilru\framework\base\CApplication.php(169): CWebApplication->processRequest()
#2 C:\wamp\www\bilru\index.php(13): CApplication->run()
#3 {main}
REQUEST_URI=/bilru/assets/lib/bootstrap/less/mixins.less
HTTP_REFERER=http://localhost/bilru/objects/create
---
2013/05/31 13:37:01 [error] [exception.CHttpException.404] exception 'CHttpException' with message 'Невозможно обработать запрос "assets/lib/bootstrap/less/mixins.less".' in C:\wamp\www\bilru\framework\web\CWebApplication.php:286
Stack trace:
#0 C:\wamp\www\bilru\framework\web\CWebApplication.php(141): CWebApplication->runController('assets/lib/boot...')
#1 C:\wamp\www\bilru\framework\base\CApplication.php(169): CWebApplication->processRequest()
#2 C:\wamp\www\bilru\index.php(13): CApplication->run()
#3 {main}
REQUEST_URI=/bilru/assets/lib/bootstrap/less/mixins.less
HTTP_REFERER=http://localhost/bilru/orders/create
---
2013/05/31 13:37:15 [error] [exception.CHttpException.404] exception 'CHttpException' with message 'Невозможно обработать запрос "assets/lib/bootstrap/less/mixins.less".' in C:\wamp\www\bilru\framework\web\CWebApplication.php:286
Stack trace:
#0 C:\wamp\www\bilru\framework\web\CWebApplication.php(141): CWebApplication->runController('assets/lib/boot...')
#1 C:\wamp\www\bilru\framework\base\CApplication.php(169): CWebApplication->processRequest()
#2 C:\wamp\www\bilru\index.php(13): CApplication->run()
#3 {main}
REQUEST_URI=/bilru/assets/lib/bootstrap/less/mixins.less
HTTP_REFERER=http://localhost/bilru/orders/create
---
2013/05/31 13:37:23 [error] [exception.CHttpException.404] exception 'CHttpException' with message 'Невозможно обработать запрос "assets/lib/bootstrap/less/mixins.less".' in C:\wamp\www\bilru\framework\web\CWebApplication.php:286
Stack trace:
#0 C:\wamp\www\bilru\framework\web\CWebApplication.php(141): CWebApplication->runController('assets/lib/boot...')
#1 C:\wamp\www\bilru\framework\base\CApplication.php(169): CWebApplication->processRequest()
#2 C:\wamp\www\bilru\index.php(13): CApplication->run()
#3 {main}
REQUEST_URI=/bilru/assets/lib/bootstrap/less/mixins.less
HTTP_REFERER=http://localhost/bilru/orders/create
---
2013/05/31 13:38:12 [error] [exception.CHttpException.404] exception 'CHttpException' with message 'Невозможно обработать запрос "assets/lib/bootstrap/less/mixins.less".' in C:\wamp\www\bilru\framework\web\CWebApplication.php:286
Stack trace:
#0 C:\wamp\www\bilru\framework\web\CWebApplication.php(141): CWebApplication->runController('assets/lib/boot...')
#1 C:\wamp\www\bilru\framework\base\CApplication.php(169): CWebApplication->processRequest()
#2 C:\wamp\www\bilru\index.php(13): CApplication->run()
#3 {main}
REQUEST_URI=/bilru/assets/lib/bootstrap/less/mixins.less
HTTP_REFERER=http://localhost/bilru/orders/create
---
2013/05/31 13:38:15 [error] [exception.CHttpException.404] exception 'CHttpException' with message 'Невозможно обработать запрос "assets/lib/bootstrap/less/mixins.less".' in C:\wamp\www\bilru\framework\web\CWebApplication.php:286
Stack trace:
#0 C:\wamp\www\bilru\framework\web\CWebApplication.php(141): CWebApplication->runController('assets/lib/boot...')
#1 C:\wamp\www\bilru\framework\base\CApplication.php(169): CWebApplication->processRequest()
#2 C:\wamp\www\bilru\index.php(13): CApplication->run()
#3 {main}
REQUEST_URI=/bilru/assets/lib/bootstrap/less/mixins.less
HTTP_REFERER=http://localhost/bilru/objects/create
---
2013/05/31 13:41:09 [error] [exception.CHttpException.404] exception 'CHttpException' with message 'Невозможно обработать запрос "assets/lib/bootstrap/less/mixins.less".' in C:\wamp\www\bilru\framework\web\CWebApplication.php:286
Stack trace:
#0 C:\wamp\www\bilru\framework\web\CWebApplication.php(141): CWebApplication->runController('assets/lib/boot...')
#1 C:\wamp\www\bilru\framework\base\CApplication.php(169): CWebApplication->processRequest()
#2 C:\wamp\www\bilru\index.php(13): CApplication->run()
#3 {main}
REQUEST_URI=/bilru/assets/lib/bootstrap/less/mixins.less
HTTP_REFERER=http://localhost/bilru/objects/create
---
2013/05/31 13:42:20 [error] [exception.CHttpException.404] exception 'CHttpException' with message 'Невозможно обработать запрос "assets/lib/bootstrap/less/mixins.less".' in C:\wamp\www\bilru\framework\web\CWebApplication.php:286
Stack trace:
#0 C:\wamp\www\bilru\framework\web\CWebApplication.php(141): CWebApplication->runController('assets/lib/boot...')
#1 C:\wamp\www\bilru\framework\base\CApplication.php(169): CWebApplication->processRequest()
#2 C:\wamp\www\bilru\index.php(13): CApplication->run()
#3 {main}
REQUEST_URI=/bilru/assets/lib/bootstrap/less/mixins.less
HTTP_REFERER=http://localhost/bilru/objects/create
---
2013/05/31 13:42:28 [warning] [application] Не удалось присвоить небезопасный атрибут "communications" класса "Objects".
in C:\wamp\www\bilru\protected\controllers\ObjectsController.php (69)
in C:\wamp\www\bilru\index.php (13)
2013/05/31 13:42:28 [error] [exception.CHttpException.404] exception 'CHttpException' with message 'Невозможно обработать запрос "assets/lib/bootstrap/less/mixins.less".' in C:\wamp\www\bilru\framework\web\CWebApplication.php:286
Stack trace:
#0 C:\wamp\www\bilru\framework\web\CWebApplication.php(141): CWebApplication->runController('assets/lib/boot...')
#1 C:\wamp\www\bilru\framework\base\CApplication.php(169): CWebApplication->processRequest()
#2 C:\wamp\www\bilru\index.php(13): CApplication->run()
#3 {main}
REQUEST_URI=/bilru/assets/lib/bootstrap/less/mixins.less
HTTP_REFERER=http://localhost/bilru/objects/create
---
2013/05/31 13:42:39 [warning] [application] Не удалось присвоить небезопасный атрибут "communications" класса "Objects".
in C:\wamp\www\bilru\protected\controllers\ObjectsController.php (69)
in C:\wamp\www\bilru\index.php (13)
2013/05/31 13:42:39 [error] [php] array_flip() expects parameter 1 to be array, string given (C:\wamp\www\bilru\protected\helpers\GetName.php:73)
Stack trace:
#0 C:\wamp\www\bilru\framework\web\CBaseController.php(126): require()
#1 C:\wamp\www\bilru\framework\web\CBaseController.php(95): ObjectsController->renderInternal()
#2 C:\wamp\www\bilru\framework\web\CController.php(869): ObjectsController->renderFile()
#3 C:\wamp\www\bilru\framework\web\CController.php(782): ObjectsController->renderPartial()
#4 C:\wamp\www\bilru\protected\components\Controller.php(26): ObjectsController->render()
#5 C:\wamp\www\bilru\protected\controllers\ObjectsController.php(56): ObjectsController->render()
#6 unknown(0): ObjectsController->actionView()
#7 C:\wamp\www\bilru\framework\web\actions\CAction.php(108): ReflectionMethod->invokeArgs()
#8 C:\wamp\www\bilru\framework\web\actions\CInlineAction.php(47): CInlineAction->runWithParamsInternal()
#9 C:\wamp\www\bilru\framework\web\CController.php(308): CInlineAction->runWithParams()
#10 C:\wamp\www\bilru\framework\web\filters\CFilterChain.php(133): ObjectsController->runAction()
#11 C:\wamp\www\bilru\framework\web\filters\CFilter.php(40): CFilterChain->run()
#12 C:\wamp\www\bilru\framework\web\CController.php(1145): CAccessControlFilter->filter()
#13 C:\wamp\www\bilru\framework\web\filters\CInlineFilter.php(58): ObjectsController->filterAccessControl()
#14 C:\wamp\www\bilru\framework\web\filters\CFilterChain.php(130): CInlineFilter->filter()
#15 C:\wamp\www\bilru\framework\web\CController.php(291): CFilterChain->run()
#16 C:\wamp\www\bilru\framework\web\CController.php(265): ObjectsController->runActionWithFilters()
#17 C:\wamp\www\bilru\framework\web\CWebApplication.php(282): ObjectsController->run()
#18 C:\wamp\www\bilru\framework\web\CWebApplication.php(141): CWebApplication->runController()
#19 C:\wamp\www\bilru\framework\base\CApplication.php(169): CWebApplication->processRequest()
#20 C:\wamp\www\bilru\index.php(13): CWebApplication->run()
REQUEST_URI=/bilru/objects/24
in C:\wamp\www\bilru\protected\helpers\GetName.php (73)
in C:\wamp\www\bilru\protected\views\objects\view.php (97)
in C:\wamp\www\bilru\protected\components\Controller.php (26)
2013/05/31 13:44:16 [error] [php] array_flip() expects parameter 1 to be array, string given (C:\wamp\www\bilru\protected\helpers\GetName.php:73)
Stack trace:
#0 C:\wamp\www\bilru\framework\web\CBaseController.php(126): require()
#1 C:\wamp\www\bilru\framework\web\CBaseController.php(95): ObjectsController->renderInternal()
#2 C:\wamp\www\bilru\framework\web\CController.php(869): ObjectsController->renderFile()
#3 C:\wamp\www\bilru\framework\web\CController.php(782): ObjectsController->renderPartial()
#4 C:\wamp\www\bilru\protected\components\Controller.php(26): ObjectsController->render()
#5 C:\wamp\www\bilru\protected\controllers\ObjectsController.php(56): ObjectsController->render()
#6 unknown(0): ObjectsController->actionView()
#7 C:\wamp\www\bilru\framework\web\actions\CAction.php(108): ReflectionMethod->invokeArgs()
#8 C:\wamp\www\bilru\framework\web\actions\CInlineAction.php(47): CInlineAction->runWithParamsInternal()
#9 C:\wamp\www\bilru\framework\web\CController.php(308): CInlineAction->runWithParams()
#10 C:\wamp\www\bilru\framework\web\filters\CFilterChain.php(133): ObjectsController->runAction()
#11 C:\wamp\www\bilru\framework\web\filters\CFilter.php(40): CFilterChain->run()
#12 C:\wamp\www\bilru\framework\web\CController.php(1145): CAccessControlFilter->filter()
#13 C:\wamp\www\bilru\framework\web\filters\CInlineFilter.php(58): ObjectsController->filterAccessControl()
#14 C:\wamp\www\bilru\framework\web\filters\CFilterChain.php(130): CInlineFilter->filter()
#15 C:\wamp\www\bilru\framework\web\CController.php(291): CFilterChain->run()
#16 C:\wamp\www\bilru\framework\web\CController.php(265): ObjectsController->runActionWithFilters()
#17 C:\wamp\www\bilru\framework\web\CWebApplication.php(282): ObjectsController->run()
#18 C:\wamp\www\bilru\framework\web\CWebApplication.php(141): CWebApplication->runController()
#19 C:\wamp\www\bilru\framework\base\CApplication.php(169): CWebApplication->processRequest()
#20 C:\wamp\www\bilru\index.php(13): CWebApplication->run()
REQUEST_URI=/bilru/objects/24
in C:\wamp\www\bilru\protected\helpers\GetName.php (73)
in C:\wamp\www\bilru\protected\views\objects\view.php (97)
in C:\wamp\www\bilru\protected\components\Controller.php (26)
2013/05/31 13:45:53 [error] [exception.CHttpException.404] exception 'CHttpException' with message 'Невозможно обработать запрос "assets/lib/bootstrap/less/mixins.less".' in C:\wamp\www\bilru\framework\web\CWebApplication.php:286
Stack trace:
#0 C:\wamp\www\bilru\framework\web\CWebApplication.php(141): CWebApplication->runController('assets/lib/boot...')
#1 C:\wamp\www\bilru\framework\base\CApplication.php(169): CWebApplication->processRequest()
#2 C:\wamp\www\bilru\index.php(13): CApplication->run()
#3 {main}
REQUEST_URI=/bilru/assets/lib/bootstrap/less/mixins.less
HTTP_REFERER=http://localhost/bilru/objects/24
---
2013/05/31 13:46:52 [error] [php] array_flip() expects parameter 1 to be array, string given (C:\wamp\www\bilru\protected\helpers\GetName.php:73)
Stack trace:
#0 C:\wamp\www\bilru\framework\web\CBaseController.php(126): require()
#1 C:\wamp\www\bilru\framework\web\CBaseController.php(95): ObjectsController->renderInternal()
#2 C:\wamp\www\bilru\framework\web\CController.php(869): ObjectsController->renderFile()
#3 C:\wamp\www\bilru\framework\web\CController.php(782): ObjectsController->renderPartial()
#4 C:\wamp\www\bilru\protected\components\Controller.php(26): ObjectsController->render()
#5 C:\wamp\www\bilru\protected\controllers\ObjectsController.php(56): ObjectsController->render()
#6 unknown(0): ObjectsController->actionView()
#7 C:\wamp\www\bilru\framework\web\actions\CAction.php(108): ReflectionMethod->invokeArgs()
#8 C:\wamp\www\bilru\framework\web\actions\CInlineAction.php(47): CInlineAction->runWithParamsInternal()
#9 C:\wamp\www\bilru\framework\web\CController.php(308): CInlineAction->runWithParams()
#10 C:\wamp\www\bilru\framework\web\filters\CFilterChain.php(133): ObjectsController->runAction()
#11 C:\wamp\www\bilru\framework\web\filters\CFilter.php(40): CFilterChain->run()
#12 C:\wamp\www\bilru\framework\web\CController.php(1145): CAccessControlFilter->filter()
#13 C:\wamp\www\bilru\framework\web\filters\CInlineFilter.php(58): ObjectsController->filterAccessControl()
#14 C:\wamp\www\bilru\framework\web\filters\CFilterChain.php(130): CInlineFilter->filter()
#15 C:\wamp\www\bilru\framework\web\CController.php(291): CFilterChain->run()
#16 C:\wamp\www\bilru\framework\web\CController.php(265): ObjectsController->runActionWithFilters()
#17 C:\wamp\www\bilru\framework\web\CWebApplication.php(282): ObjectsController->run()
#18 C:\wamp\www\bilru\framework\web\CWebApplication.php(141): CWebApplication->runController()
#19 C:\wamp\www\bilru\framework\base\CApplication.php(169): CWebApplication->processRequest()
#20 C:\wamp\www\bilru\index.php(13): CWebApplication->run()
REQUEST_URI=/bilru/objects/24
in C:\wamp\www\bilru\protected\helpers\GetName.php (73)
in C:\wamp\www\bilru\protected\views\objects\view.php (97)
in C:\wamp\www\bilru\protected\components\Controller.php (26)
2013/05/31 13:48:23 [error] [php] array_flip() expects parameter 1 to be array, string given (C:\wamp\www\bilru\protected\helpers\GetName.php:73)
Stack trace:
#0 C:\wamp\www\bilru\framework\web\CBaseController.php(126): require()
#1 C:\wamp\www\bilru\framework\web\CBaseController.php(95): ObjectsController->renderInternal()
#2 C:\wamp\www\bilru\framework\web\CController.php(869): ObjectsController->renderFile()
#3 C:\wamp\www\bilru\framework\web\CController.php(782): ObjectsController->renderPartial()
#4 C:\wamp\www\bilru\protected\components\Controller.php(26): ObjectsController->render()
#5 C:\wamp\www\bilru\protected\controllers\ObjectsController.php(56): ObjectsController->render()
#6 unknown(0): ObjectsController->actionView()
#7 C:\wamp\www\bilru\framework\web\actions\CAction.php(108): ReflectionMethod->invokeArgs()
#8 C:\wamp\www\bilru\framework\web\actions\CInlineAction.php(47): CInlineAction->runWithParamsInternal()
#9 C:\wamp\www\bilru\framework\web\CController.php(308): CInlineAction->runWithParams()
#10 C:\wamp\www\bilru\framework\web\filters\CFilterChain.php(133): ObjectsController->runAction()
#11 C:\wamp\www\bilru\framework\web\filters\CFilter.php(40): CFilterChain->run()
#12 C:\wamp\www\bilru\framework\web\CController.php(1145): CAccessControlFilter->filter()
#13 C:\wamp\www\bilru\framework\web\filters\CInlineFilter.php(58): ObjectsController->filterAccessControl()
#14 C:\wamp\www\bilru\framework\web\filters\CFilterChain.php(130): CInlineFilter->filter()
#15 C:\wamp\www\bilru\framework\web\CController.php(291): CFilterChain->run()
#16 C:\wamp\www\bilru\framework\web\CController.php(265): ObjectsController->runActionWithFilters()
#17 C:\wamp\www\bilru\framework\web\CWebApplication.php(282): ObjectsController->run()
#18 C:\wamp\www\bilru\framework\web\CWebApplication.php(141): CWebApplication->runController()
#19 C:\wamp\www\bilru\framework\base\CApplication.php(169): CWebApplication->processRequest()
#20 C:\wamp\www\bilru\index.php(13): CWebApplication->run()
REQUEST_URI=/bilru/objects/24
in C:\wamp\www\bilru\protected\helpers\GetName.php (73)
in C:\wamp\www\bilru\protected\views\objects\view.php (97)
in C:\wamp\www\bilru\protected\components\Controller.php (26)
2013/05/31 13:49:06 [error] [exception.CHttpException.404] exception 'CHttpException' with message 'Невозможно обработать запрос "assets/lib/bootstrap/less/mixins.less".' in C:\wamp\www\bilru\framework\web\CWebApplication.php:286
Stack trace:
#0 C:\wamp\www\bilru\framework\web\CWebApplication.php(141): CWebApplication->runController('assets/lib/boot...')
#1 C:\wamp\www\bilru\framework\base\CApplication.php(169): CWebApplication->processRequest()
#2 C:\wamp\www\bilru\index.php(13): CApplication->run()
#3 {main}
REQUEST_URI=/bilru/assets/lib/bootstrap/less/mixins.less
HTTP_REFERER=http://localhost/bilru/objects/17
---
2013/05/31 13:50:34 [error] [exception.CHttpException.404] exception 'CHttpException' with message 'Невозможно обработать запрос "assets/lib/bootstrap/less/mixins.less".' in C:\wamp\www\bilru\framework\web\CWebApplication.php:286
Stack trace:
#0 C:\wamp\www\bilru\framework\web\CWebApplication.php(141): CWebApplication->runController('assets/lib/boot...')
#1 C:\wamp\www\bilru\framework\base\CApplication.php(169): CWebApplication->processRequest()
#2 C:\wamp\www\bilru\index.php(13): CApplication->run()
#3 {main}
REQUEST_URI=/bilru/assets/lib/bootstrap/less/mixins.less
HTTP_REFERER=http://localhost/bilru/objects/17
---
2013/05/31 13:50:37 [error] [exception.CHttpException.404] exception 'CHttpException' with message 'Невозможно обработать запрос "assets/lib/bootstrap/less/mixins.less".' in C:\wamp\www\bilru\framework\web\CWebApplication.php:286
Stack trace:
#0 C:\wamp\www\bilru\framework\web\CWebApplication.php(141): CWebApplication->runController('assets/lib/boot...')
#1 C:\wamp\www\bilru\framework\base\CApplication.php(169): CWebApplication->processRequest()
#2 C:\wamp\www\bilru\index.php(13): CApplication->run()
#3 {main}
REQUEST_URI=/bilru/assets/lib/bootstrap/less/mixins.less
HTTP_REFERER=http://localhost/bilru/objects/create
---
2013/05/31 13:53:00 [error] [exception.CHttpException.404] exception 'CHttpException' with message 'Невозможно обработать запрос "assets/lib/bootstrap/less/mixins.less".' in C:\wamp\www\bilru\framework\web\CWebApplication.php:286
Stack trace:
#0 C:\wamp\www\bilru\framework\web\CWebApplication.php(141): CWebApplication->runController('assets/lib/boot...')
#1 C:\wamp\www\bilru\framework\base\CApplication.php(169): CWebApplication->processRequest()
#2 C:\wamp\www\bilru\index.php(13): CApplication->run()
#3 {main}
REQUEST_URI=/bilru/assets/lib/bootstrap/less/mixins.less
HTTP_REFERER=http://localhost/bilru/objects/create
---
2013/05/31 13:53:14 [warning] [application] Не удалось присвоить небезопасный атрибут "communications" класса "Objects".
in C:\wamp\www\bilru\protected\controllers\ObjectsController.php (69)
in C:\wamp\www\bilru\index.php (13)
2013/05/31 13:53:14 [error] [php] array_flip() expects parameter 1 to be array, string given (C:\wamp\www\bilru\protected\helpers\GetName.php:73)
Stack trace:
#0 C:\wamp\www\bilru\framework\web\CBaseController.php(126): require()
#1 C:\wamp\www\bilru\framework\web\CBaseController.php(95): ObjectsController->renderInternal()
#2 C:\wamp\www\bilru\framework\web\CController.php(869): ObjectsController->renderFile()
#3 C:\wamp\www\bilru\framework\web\CController.php(782): ObjectsController->renderPartial()
#4 C:\wamp\www\bilru\protected\components\Controller.php(26): ObjectsController->render()
#5 C:\wamp\www\bilru\protected\controllers\ObjectsController.php(56): ObjectsController->render()
#6 unknown(0): ObjectsController->actionView()
#7 C:\wamp\www\bilru\framework\web\actions\CAction.php(108): ReflectionMethod->invokeArgs()
#8 C:\wamp\www\bilru\framework\web\actions\CInlineAction.php(47): CInlineAction->runWithParamsInternal()
#9 C:\wamp\www\bilru\framework\web\CController.php(308): CInlineAction->runWithParams()
#10 C:\wamp\www\bilru\framework\web\filters\CFilterChain.php(133): ObjectsController->runAction()
#11 C:\wamp\www\bilru\framework\web\filters\CFilter.php(40): CFilterChain->run()
#12 C:\wamp\www\bilru\framework\web\CController.php(1145): CAccessControlFilter->filter()
#13 C:\wamp\www\bilru\framework\web\filters\CInlineFilter.php(58): ObjectsController->filterAccessControl()
#14 C:\wamp\www\bilru\framework\web\filters\CFilterChain.php(130): CInlineFilter->filter()
#15 C:\wamp\www\bilru\framework\web\CController.php(291): CFilterChain->run()
#16 C:\wamp\www\bilru\framework\web\CController.php(265): ObjectsController->runActionWithFilters()
#17 C:\wamp\www\bilru\framework\web\CWebApplication.php(282): ObjectsController->run()
#18 C:\wamp\www\bilru\framework\web\CWebApplication.php(141): CWebApplication->runController()
#19 C:\wamp\www\bilru\framework\base\CApplication.php(169): CWebApplication->processRequest()
#20 C:\wamp\www\bilru\index.php(13): CWebApplication->run()
REQUEST_URI=/bilru/objects/25
in C:\wamp\www\bilru\protected\helpers\GetName.php (73)
in C:\wamp\www\bilru\protected\views\objects\view.php (97)
in C:\wamp\www\bilru\protected\components\Controller.php (26)
2013/05/31 13:54:22 [error] [php] array_flip() expects parameter 1 to be array, string given (C:\wamp\www\bilru\protected\helpers\GetName.php:73)
Stack trace:
#0 C:\wamp\www\bilru\framework\web\CBaseController.php(126): require()
#1 C:\wamp\www\bilru\framework\web\CBaseController.php(95): ObjectsController->renderInternal()
#2 C:\wamp\www\bilru\framework\web\CController.php(869): ObjectsController->renderFile()
#3 C:\wamp\www\bilru\framework\web\CController.php(782): ObjectsController->renderPartial()
#4 C:\wamp\www\bilru\protected\components\Controller.php(26): ObjectsController->render()
#5 C:\wamp\www\bilru\protected\controllers\ObjectsController.php(56): ObjectsController->render()
#6 unknown(0): ObjectsController->actionView()
#7 C:\wamp\www\bilru\framework\web\actions\CAction.php(108): ReflectionMethod->invokeArgs()
#8 C:\wamp\www\bilru\framework\web\actions\CInlineAction.php(47): CInlineAction->runWithParamsInternal()
#9 C:\wamp\www\bilru\framework\web\CController.php(308): CInlineAction->runWithParams()
#10 C:\wamp\www\bilru\framework\web\filters\CFilterChain.php(133): ObjectsController->runAction()
#11 C:\wamp\www\bilru\framework\web\filters\CFilter.php(40): CFilterChain->run()
#12 C:\wamp\www\bilru\framework\web\CController.php(1145): CAccessControlFilter->filter()
#13 C:\wamp\www\bilru\framework\web\filters\CInlineFilter.php(58): ObjectsController->filterAccessControl()
#14 C:\wamp\www\bilru\framework\web\filters\CFilterChain.php(130): CInlineFilter->filter()
#15 C:\wamp\www\bilru\framework\web\CController.php(291): CFilterChain->run()
#16 C:\wamp\www\bilru\framework\web\CController.php(265): ObjectsController->runActionWithFilters()
#17 C:\wamp\www\bilru\framework\web\CWebApplication.php(282): ObjectsController->run()
#18 C:\wamp\www\bilru\framework\web\CWebApplication.php(141): CWebApplication->runController()
#19 C:\wamp\www\bilru\framework\base\CApplication.php(169): CWebApplication->processRequest()
#20 C:\wamp\www\bilru\index.php(13): CWebApplication->run()
REQUEST_URI=/bilru/objects/25
in C:\wamp\www\bilru\protected\helpers\GetName.php (73)
in C:\wamp\www\bilru\protected\views\objects\view.php (97)
in C:\wamp\www\bilru\protected\components\Controller.php (26)
2013/05/31 13:54:25 [error] [exception.CHttpException.404] exception 'CHttpException' with message 'Невозможно обработать запрос "assets/lib/bootstrap/less/mixins.less".' in C:\wamp\www\bilru\framework\web\CWebApplication.php:286
Stack trace:
#0 C:\wamp\www\bilru\framework\web\CWebApplication.php(141): CWebApplication->runController('assets/lib/boot...')
#1 C:\wamp\www\bilru\framework\base\CApplication.php(169): CWebApplication->processRequest()
#2 C:\wamp\www\bilru\index.php(13): CApplication->run()
#3 {main}
REQUEST_URI=/bilru/assets/lib/bootstrap/less/mixins.less
HTTP_REFERER=http://localhost/bilru/objects/create
---
2013/05/31 13:54:27 [warning] [application] Не удалось присвоить небезопасный атрибут "communications" класса "Objects".
in C:\wamp\www\bilru\protected\controllers\ObjectsController.php (69)
in C:\wamp\www\bilru\index.php (13)
2013/05/31 13:54:28 [error] [exception.CHttpException.404] exception 'CHttpException' with message 'Невозможно обработать запрос "assets/lib/bootstrap/less/mixins.less".' in C:\wamp\www\bilru\framework\web\CWebApplication.php:286
Stack trace:
#0 C:\wamp\www\bilru\framework\web\CWebApplication.php(141): CWebApplication->runController('assets/lib/boot...')
#1 C:\wamp\www\bilru\framework\base\CApplication.php(169): CWebApplication->processRequest()
#2 C:\wamp\www\bilru\index.php(13): CApplication->run()
#3 {main}
REQUEST_URI=/bilru/assets/lib/bootstrap/less/mixins.less
HTTP_REFERER=http://localhost/bilru/objects/create
---
2013/05/31 13:54:51 [warning] [application] Не удалось присвоить небезопасный атрибут "communications" класса "Objects".
in C:\wamp\www\bilru\protected\controllers\ObjectsController.php (69)
in C:\wamp\www\bilru\index.php (13)
2013/05/31 13:54:51 [error] [php] array_flip() expects parameter 1 to be array, string given (C:\wamp\www\bilru\protected\helpers\GetName.php:73)
Stack trace:
#0 C:\wamp\www\bilru\framework\web\CBaseController.php(126): require()
#1 C:\wamp\www\bilru\framework\web\CBaseController.php(95): ObjectsController->renderInternal()
#2 C:\wamp\www\bilru\framework\web\CController.php(869): ObjectsController->renderFile()
#3 C:\wamp\www\bilru\framework\web\CController.php(782): ObjectsController->renderPartial()
#4 C:\wamp\www\bilru\protected\components\Controller.php(26): ObjectsController->render()
#5 C:\wamp\www\bilru\protected\controllers\ObjectsController.php(56): ObjectsController->render()
#6 unknown(0): ObjectsController->actionView()
#7 C:\wamp\www\bilru\framework\web\actions\CAction.php(108): ReflectionMethod->invokeArgs()
#8 C:\wamp\www\bilru\framework\web\actions\CInlineAction.php(47): CInlineAction->runWithParamsInternal()
#9 C:\wamp\www\bilru\framework\web\CController.php(308): CInlineAction->runWithParams()
#10 C:\wamp\www\bilru\framework\web\filters\CFilterChain.php(133): ObjectsController->runAction()
#11 C:\wamp\www\bilru\framework\web\filters\CFilter.php(40): CFilterChain->run()
#12 C:\wamp\www\bilru\framework\web\CController.php(1145): CAccessControlFilter->filter()
#13 C:\wamp\www\bilru\framework\web\filters\CInlineFilter.php(58): ObjectsController->filterAccessControl()
#14 C:\wamp\www\bilru\framework\web\filters\CFilterChain.php(130): CInlineFilter->filter()
#15 C:\wamp\www\bilru\framework\web\CController.php(291): CFilterChain->run()
#16 C:\wamp\www\bilru\framework\web\CController.php(265): ObjectsController->runActionWithFilters()
#17 C:\wamp\www\bilru\framework\web\CWebApplication.php(282): ObjectsController->run()
#18 C:\wamp\www\bilru\framework\web\CWebApplication.php(141): CWebApplication->runController()
#19 C:\wamp\www\bilru\framework\base\CApplication.php(169): CWebApplication->processRequest()
#20 C:\wamp\www\bilru\index.php(13): CWebApplication->run()
REQUEST_URI=/bilru/objects/26
in C:\wamp\www\bilru\protected\helpers\GetName.php (73)
in C:\wamp\www\bilru\protected\views\objects\view.php (97)
in C:\wamp\www\bilru\protected\components\Controller.php (26)
2013/05/31 13:55:39 [error] [php] array_flip() expects parameter 1 to be array, string given (C:\wamp\www\bilru\protected\helpers\GetName.php:73)
Stack trace:
#0 C:\wamp\www\bilru\framework\web\CBaseController.php(126): require()
#1 C:\wamp\www\bilru\framework\web\CBaseController.php(95): ObjectsController->renderInternal()
#2 C:\wamp\www\bilru\framework\web\CController.php(869): ObjectsController->renderFile()
#3 C:\wamp\www\bilru\framework\web\CController.php(782): ObjectsController->renderPartial()
#4 C:\wamp\www\bilru\protected\components\Controller.php(26): ObjectsController->render()
#5 C:\wamp\www\bilru\protected\controllers\ObjectsController.php(56): ObjectsController->render()
#6 unknown(0): ObjectsController->actionView()
#7 C:\wamp\www\bilru\framework\web\actions\CAction.php(108): ReflectionMethod->invokeArgs()
#8 C:\wamp\www\bilru\framework\web\actions\CInlineAction.php(47): CInlineAction->runWithParamsInternal()
#9 C:\wamp\www\bilru\framework\web\CController.php(308): CInlineAction->runWithParams()
#10 C:\wamp\www\bilru\framework\web\filters\CFilterChain.php(133): ObjectsController->runAction()
#11 C:\wamp\www\bilru\framework\web\filters\CFilter.php(40): CFilterChain->run()
#12 C:\wamp\www\bilru\framework\web\CController.php(1145): CAccessControlFilter->filter()
#13 C:\wamp\www\bilru\framework\web\filters\CInlineFilter.php(58): ObjectsController->filterAccessControl()
#14 C:\wamp\www\bilru\framework\web\filters\CFilterChain.php(130): CInlineFilter->filter()
#15 C:\wamp\www\bilru\framework\web\CController.php(291): CFilterChain->run()
#16 C:\wamp\www\bilru\framework\web\CController.php(265): ObjectsController->runActionWithFilters()
#17 C:\wamp\www\bilru\framework\web\CWebApplication.php(282): ObjectsController->run()
#18 C:\wamp\www\bilru\framework\web\CWebApplication.php(141): CWebApplication->runController()
#19 C:\wamp\www\bilru\framework\base\CApplication.php(169): CWebApplication->processRequest()
#20 C:\wamp\www\bilru\index.php(13): CWebApplication->run()
REQUEST_URI=/bilru/objects/26
in C:\wamp\www\bilru\protected\helpers\GetName.php (73)
in C:\wamp\www\bilru\protected\views\objects\view.php (97)
in C:\wamp\www\bilru\protected\components\Controller.php (26)
2013/05/31 13:55:43 [error] [exception.CHttpException.404] exception 'CHttpException' with message 'Невозможно обработать запрос "assets/lib/bootstrap/less/mixins.less".' in C:\wamp\www\bilru\framework\web\CWebApplication.php:286
Stack trace:
#0 C:\wamp\www\bilru\framework\web\CWebApplication.php(141): CWebApplication->runController('assets/lib/boot...')
#1 C:\wamp\www\bilru\framework\base\CApplication.php(169): CWebApplication->processRequest()
#2 C:\wamp\www\bilru\index.php(13): CApplication->run()
#3 {main}
REQUEST_URI=/bilru/assets/lib/bootstrap/less/mixins.less
HTTP_REFERER=http://localhost/bilru/objects/create
---
2013/05/31 13:55:56 [warning] [application] Не удалось присвоить небезопасный атрибут "communications" класса "Objects".
in C:\wamp\www\bilru\protected\controllers\ObjectsController.php (69)
in C:\wamp\www\bilru\index.php (13)
2013/05/31 13:55:56 [error] [exception.CHttpException.404] exception 'CHttpException' with message 'Невозможно обработать запрос "assets/lib/bootstrap/less/mixins.less".' in C:\wamp\www\bilru\framework\web\CWebApplication.php:286
Stack trace:
#0 C:\wamp\www\bilru\framework\web\CWebApplication.php(141): CWebApplication->runController('assets/lib/boot...')
#1 C:\wamp\www\bilru\framework\base\CApplication.php(169): CWebApplication->processRequest()
#2 C:\wamp\www\bilru\index.php(13): CApplication->run()
#3 {main}
REQUEST_URI=/bilru/assets/lib/bootstrap/less/mixins.less
HTTP_REFERER=http://localhost/bilru/objects/27
---
2013/05/31 13:56:12 [error] [exception.CHttpException.404] exception 'CHttpException' with message 'The requested page does not exist.' in C:\wamp\www\bilru\protected\controllers\ObjectsController.php:187
Stack trace:
#0 C:\wamp\www\bilru\protected\controllers\ObjectsController.php(49): ObjectsController->loadModel('27')
#1 [internal function]: ObjectsController->actionView('27')
#2 C:\wamp\www\bilru\framework\web\actions\CAction.php(108): ReflectionMethod->invokeArgs(Object(ObjectsController), Array)
#3 C:\wamp\www\bilru\framework\web\actions\CInlineAction.php(47): CAction->runWithParamsInternal(Object(ObjectsController), Object(ReflectionMethod), Array)
#4 C:\wamp\www\bilru\framework\web\CController.php(308): CInlineAction->runWithParams(Array)
#5 C:\wamp\www\bilru\framework\web\filters\CFilterChain.php(133): CController->runAction(Object(CInlineAction))
#6 C:\wamp\www\bilru\framework\web\filters\CFilter.php(40): CFilterChain->run()
#7 C:\wamp\www\bilru\framework\web\CController.php(1145): CFilter->filter(Object(CFilterChain))
#8 C:\wamp\www\bilru\framework\web\filters\CInlineFilter.php(58): CController->filterAccessControl(Object(CFilterChain))
#9 C:\wamp\www\bilru\framework\web\filters\CFilterChain.php(130): CInlineFilter->filter(Object(CFilterChain))
#10 C:\wamp\www\bilru\framework\web\CController.php(291): CFilterChain->run()
#11 C:\wamp\www\bilru\framework\web\CController.php(265): CController->runActionWithFilters(Object(CInlineAction), Array)
#12 C:\wamp\www\bilru\framework\web\CWebApplication.php(282): CController->run('view')
#13 C:\wamp\www\bilru\framework\web\CWebApplication.php(141): CWebApplication->runController('objects/view')
#14 C:\wamp\www\bilru\framework\base\CApplication.php(169): CWebApplication->processRequest()
#15 C:\wamp\www\bilru\index.php(13): CApplication->run()
#16 {main}
REQUEST_URI=/bilru/objects/27
HTTP_REFERER=http://localhost/bilru/objects/create
---
2013/05/31 13:56:12 [error] [exception.CHttpException.404] exception 'CHttpException' with message 'Невозможно обработать запрос "assets/lib/bootstrap/less/mixins.less".' in C:\wamp\www\bilru\framework\web\CWebApplication.php:286
Stack trace:
#0 C:\wamp\www\bilru\framework\web\CWebApplication.php(141): CWebApplication->runController('assets/lib/boot...')
#1 C:\wamp\www\bilru\framework\base\CApplication.php(169): CWebApplication->processRequest()
#2 C:\wamp\www\bilru\index.php(13): CApplication->run()
#3 {main}
REQUEST_URI=/bilru/assets/lib/bootstrap/less/mixins.less
HTTP_REFERER=http://localhost/bilru/objects/27
---
2013/05/31 13:56:18 [error] [exception.CHttpException.404] exception 'CHttpException' with message 'Невозможно обработать запрос "assets/lib/bootstrap/less/mixins.less".' in C:\wamp\www\bilru\framework\web\CWebApplication.php:286
Stack trace:
#0 C:\wamp\www\bilru\framework\web\CWebApplication.php(141): CWebApplication->runController('assets/lib/boot...')
#1 C:\wamp\www\bilru\framework\base\CApplication.php(169): CWebApplication->processRequest()
#2 C:\wamp\www\bilru\index.php(13): CApplication->run()
#3 {main}
REQUEST_URI=/bilru/assets/lib/bootstrap/less/mixins.less
HTTP_REFERER=http://localhost/bilru/objects/create
---
2013/05/31 13:56:23 [error] [exception.CHttpException.404] exception 'CHttpException' with message 'Невозможно обработать запрос "assets/lib/bootstrap/less/mixins.less".' in C:\wamp\www\bilru\framework\web\CWebApplication.php:286
Stack trace:
#0 C:\wamp\www\bilru\framework\web\CWebApplication.php(141): CWebApplication->runController('assets/lib/boot...')
#1 C:\wamp\www\bilru\framework\base\CApplication.php(169): CWebApplication->processRequest()
#2 C:\wamp\www\bilru\index.php(13): CApplication->run()
#3 {main}
REQUEST_URI=/bilru/assets/lib/bootstrap/less/mixins.less
HTTP_REFERER=http://localhost/bilru/objects/index
---
2013/05/31 13:56:26 [error] [exception.CHttpException.404] exception 'CHttpException' with message 'Невозможно обработать запрос "assets/lib/bootstrap/less/mixins.less".' in C:\wamp\www\bilru\framework\web\CWebApplication.php:286
Stack trace:
#0 C:\wamp\www\bilru\framework\web\CWebApplication.php(141): CWebApplication->runController('assets/lib/boot...')
#1 C:\wamp\www\bilru\framework\base\CApplication.php(169): CWebApplication->processRequest()
#2 C:\wamp\www\bilru\index.php(13): CApplication->run()
#3 {main}
REQUEST_URI=/bilru/assets/lib/bootstrap/less/mixins.less
HTTP_REFERER=http://localhost/bilru/events/index
---
2013/05/31 13:56:30 [error] [exception.CHttpException.404] exception 'CHttpException' with message 'Невозможно обработать запрос "assets/lib/bootstrap/less/mixins.less".' in C:\wamp\www\bilru\framework\web\CWebApplication.php:286
Stack trace:
#0 C:\wamp\www\bilru\framework\web\CWebApplication.php(141): CWebApplication->runController('assets/lib/boot...')
#1 C:\wamp\www\bilru\framework\base\CApplication.php(169): CWebApplication->processRequest()
#2 C:\wamp\www\bilru\index.php(13): CApplication->run()
#3 {main}
REQUEST_URI=/bilru/assets/lib/bootstrap/less/mixins.less
HTTP_REFERER=http://localhost/bilru/orders/create
---
2013/05/31 13:56:33 [error] [exception.CHttpException.404] exception 'CHttpException' with message 'Невозможно обработать запрос "assets/lib/bootstrap/less/mixins.less".' in C:\wamp\www\bilru\framework\web\CWebApplication.php:286
Stack trace:
#0 C:\wamp\www\bilru\framework\web\CWebApplication.php(141): CWebApplication->runController('assets/lib/boot...')
#1 C:\wamp\www\bilru\framework\base\CApplication.php(169): CWebApplication->processRequest()
#2 C:\wamp\www\bilru\index.php(13): CApplication->run()
#3 {main}
REQUEST_URI=/bilru/assets/lib/bootstrap/less/mixins.less
HTTP_REFERER=http://localhost/bilru/objects/create
---
2013/05/31 17:34:26 [error] [exception.CHttpException.404] exception 'CHttpException' with message 'Невозможно обработать запрос "assets/lib/bootstrap/less/mixins.less".' in C:\wamp\www\bilru\framework\web\CWebApplication.php:286
Stack trace:
#0 C:\wamp\www\bilru\framework\web\CWebApplication.php(141): CWebApplication->runController('assets/lib/boot...')
#1 C:\wamp\www\bilru\framework\base\CApplication.php(169): CWebApplication->processRequest()
#2 C:\wamp\www\bilru\index.php(13): CApplication->run()
#3 {main}
REQUEST_URI=/bilru/assets/lib/bootstrap/less/mixins.less
HTTP_REFERER=http://localhost/bilru/events/index
---
2013/05/31 17:34:38 [error] [exception.CHttpException.404] exception 'CHttpException' with message 'Невозможно обработать запрос "assets/lib/bootstrap/less/mixins.less".' in C:\wamp\www\bilru\framework\web\CWebApplication.php:286
Stack trace:
#0 C:\wamp\www\bilru\framework\web\CWebApplication.php(141): CWebApplication->runController('assets/lib/boot...')
#1 C:\wamp\www\bilru\framework\base\CApplication.php(169): CWebApplication->processRequest()
#2 C:\wamp\www\bilru\index.php(13): CApplication->run()
#3 {main}
REQUEST_URI=/bilru/assets/lib/bootstrap/less/mixins.less
HTTP_REFERER=http://localhost/bilru/events/create
---
2013/05/31 17:34:40 [error] [exception.CHttpException.404] exception 'CHttpException' with message 'Невозможно обработать запрос "assets/lib/bootstrap/less/mixins.less".' in C:\wamp\www\bilru\framework\web\CWebApplication.php:286
Stack trace:
#0 C:\wamp\www\bilru\framework\web\CWebApplication.php(141): CWebApplication->runController('assets/lib/boot...')
#1 C:\wamp\www\bilru\framework\base\CApplication.php(169): CWebApplication->processRequest()
#2 C:\wamp\www\bilru\index.php(13): CApplication->run()
#3 {main}
REQUEST_URI=/bilru/assets/lib/bootstrap/less/mixins.less
HTTP_REFERER=http://localhost/bilru/orders/create
---
2013/05/31 17:34:48 [error] [exception.CHttpException.404] exception 'CHttpException' with message 'Невозможно обработать запрос "assets/lib/bootstrap/less/mixins.less".' in C:\wamp\www\bilru\framework\web\CWebApplication.php:286
Stack trace:
#0 C:\wamp\www\bilru\framework\web\CWebApplication.php(141): CWebApplication->runController('assets/lib/boot...')
#1 C:\wamp\www\bilru\framework\base\CApplication.php(169): CWebApplication->processRequest()
#2 C:\wamp\www\bilru\index.php(13): CApplication->run()
#3 {main}
REQUEST_URI=/bilru/assets/lib/bootstrap/less/mixins.less
HTTP_REFERER=http://localhost/bilru/orders/finished
---
2013/05/31 17:34:49 [error] [exception.CHttpException.404] exception 'CHttpException' with message 'Невозможно обработать запрос "assets/lib/bootstrap/less/mixins.less".' in C:\wamp\www\bilru\framework\web\CWebApplication.php:286
Stack trace:
#0 C:\wamp\www\bilru\framework\web\CWebApplication.php(141): CWebApplication->runController('assets/lib/boot...')
#1 C:\wamp\www\bilru\framework\base\CApplication.php(169): CWebApplication->processRequest()
#2 C:\wamp\www\bilru\index.php(13): CApplication->run()
#3 {main}
REQUEST_URI=/bilru/assets/lib/bootstrap/less/mixins.less
HTTP_REFERER=http://localhost/bilru/orders/index
---
2013/05/31 17:34:52 [error] [exception.CHttpException.404] exception 'CHttpException' with message 'Невозможно обработать запрос "assets/lib/bootstrap/less/mixins.less".' in C:\wamp\www\bilru\framework\web\CWebApplication.php:286
Stack trace:
#0 C:\wamp\www\bilru\framework\web\CWebApplication.php(141): CWebApplication->runController('assets/lib/boot...')
#1 C:\wamp\www\bilru\framework\base\CApplication.php(169): CWebApplication->processRequest()
#2 C:\wamp\www\bilru\index.php(13): CApplication->run()
#3 {main}
REQUEST_URI=/bilru/assets/lib/bootstrap/less/mixins.less
HTTP_REFERER=http://localhost/bilru/orders/create
---
2013/05/31 17:36:14 [error] [exception.CHttpException.404] exception 'CHttpException' with message 'Невозможно обработать запрос "assets/lib/bootstrap/less/mixins.less".' in C:\wamp\www\bilru\framework\web\CWebApplication.php:286
Stack trace:
#0 C:\wamp\www\bilru\framework\web\CWebApplication.php(141): CWebApplication->runController('assets/lib/boot...')
#1 C:\wamp\www\bilru\framework\base\CApplication.php(169): CWebApplication->processRequest()
#2 C:\wamp\www\bilru\index.php(13): CApplication->run()
#3 {main}
REQUEST_URI=/bilru/assets/lib/bootstrap/less/mixins.less
HTTP_REFERER=http://localhost/bilru/orders/create
---
2013/05/31 17:36:18 [error] [exception.CHttpException.404] exception 'CHttpException' with message 'Невозможно обработать запрос "assets/lib/bootstrap/less/mixins.less".' in C:\wamp\www\bilru\framework\web\CWebApplication.php:286
Stack trace:
#0 C:\wamp\www\bilru\framework\web\CWebApplication.php(141): CWebApplication->runController('assets/lib/boot...')
#1 C:\wamp\www\bilru\framework\base\CApplication.php(169): CWebApplication->processRequest()
#2 C:\wamp\www\bilru\index.php(13): CApplication->run()
#3 {main}
REQUEST_URI=/bilru/assets/lib/bootstrap/less/mixins.less
HTTP_REFERER=http://localhost/bilru/orders/index
---
2013/05/31 17:36:25 [error] [exception.CHttpException.404] exception 'CHttpException' with message 'Невозможно обработать запрос "assets/lib/bootstrap/less/mixins.less".' in C:\wamp\www\bilru\framework\web\CWebApplication.php:286
Stack trace:
#0 C:\wamp\www\bilru\framework\web\CWebApplication.php(141): CWebApplication->runController('assets/lib/boot...')
#1 C:\wamp\www\bilru\framework\base\CApplication.php(169): CWebApplication->processRequest()
#2 C:\wamp\www\bilru\index.php(13): CApplication->run()
#3 {main}
REQUEST_URI=/bilru/assets/lib/bootstrap/less/mixins.less
HTTP_REFERER=http://localhost/bilru/orders/rating/27
---
2013/05/31 17:36:39 [error] [exception.CHttpException.404] exception 'CHttpException' with message 'Невозможно обработать запрос "assets/lib/bootstrap/less/mixins.less".' in C:\wamp\www\bilru\framework\web\CWebApplication.php:286
Stack trace:
#0 C:\wamp\www\bilru\framework\web\CWebApplication.php(141): CWebApplication->runController('assets/lib/boot...')
#1 C:\wamp\www\bilru\framework\base\CApplication.php(169): CWebApplication->processRequest()
#2 C:\wamp\www\bilru\index.php(13): CApplication->run()
#3 {main}
REQUEST_URI=/bilru/assets/lib/bootstrap/less/mixins.less
HTTP_REFERER=http://localhost/bilru/user/main
---
2013/05/31 17:36:47 [error] [exception.CHttpException.404] exception 'CHttpException' with message 'Невозможно обработать запрос "assets/lib/bootstrap/less/mixins.less".' in C:\wamp\www\bilru\framework\web\CWebApplication.php:286
Stack trace:
#0 C:\wamp\www\bilru\framework\web\CWebApplication.php(141): CWebApplication->runController('assets/lib/boot...')
#1 C:\wamp\www\bilru\framework\base\CApplication.php(169): CWebApplication->processRequest()
#2 C:\wamp\www\bilru\index.php(13): CApplication->run()
#3 {main}
REQUEST_URI=/bilru/assets/lib/bootstrap/less/mixins.less
HTTP_REFERER=http://localhost/bilru/user/view
---
2013/05/31 17:36:59 [error] [exception.CHttpException.404] exception 'CHttpException' with message 'Невозможно обработать запрос "assets/lib/bootstrap/less/mixins.less".' in C:\wamp\www\bilru\framework\web\CWebApplication.php:286
Stack trace:
#0 C:\wamp\www\bilru\framework\web\CWebApplication.php(141): CWebApplication->runController('assets/lib/boot...')
#1 C:\wamp\www\bilru\framework\base\CApplication.php(169): CWebApplication->processRequest()
#2 C:\wamp\www\bilru\index.php(13): CApplication->run()
#3 {main}
REQUEST_URI=/bilru/assets/lib/bootstrap/less/mixins.less
HTTP_REFERER=http://localhost/bilru/orders/create
---
